# JRE version: Java(TM) SE Runtime Environment (17.0.12+8) (build 17.0.12+8-LTS-286)
# Java VM: Java HotSpot(TM) 64-Bit Server VM (17.0.12+8-LTS-286, mixed mode, sharing, tiered, compressed oops, compressed class ptrs, g1 gc, windows-amd64)
GC Precious Log:
 CPUs: 8 total, 8 available
 Memory: 7975M
 Large Page Support: Disabled
 NUMA Support: Disabled
 Compressed Oops: Enabled (32-bit)
 Heap Region Size: 1M
 Heap Min Capacity: 8M
 Heap Initial Capacity: 126M
 Heap Max Capacity: 1994M
 Pre-touch: Disabled
 Parallel Workers: 8
 Concurrent Workers: 2
 Concurrent Refinement Workers: 8
 Periodic GC: Disabled
Heap:
 garbage-first heap   total 307200K, used 107295K [0x0000000083600000, 0x0000000100000000)
  region size 1024K, 13 young (13312K), 2 survivors (2048K)
 Metaspace       used 55324K, committed 55616K, reserved 1114112K
  class space    used 6186K, committed 6336K, reserved 1048576K
GC Heap History (20 events):
Event: 26.638 GC heap before
{Heap before GC invocations=13 (full 0):
 garbage-first heap   total 116736K, used 88061K [0x0000000083600000, 0x0000000100000000)
  region size 1024K, 38 young (38912K), 6 survivors (6144K)
 Metaspace       used 48259K, committed 48512K, reserved 1114112K
  class space    used 5610K, committed 5760K, reserved 1048576K
}
Event: 26.663 GC heap after
{Heap after GC invocations=14 (full 0):
 garbage-first heap   total 116736K, used 61949K [0x0000000083600000, 0x0000000100000000)
  region size 1024K, 5 young (5120K), 5 survivors (5120K)
 Metaspace       used 48259K, committed 48512K, reserved 1114112K
  class space    used 5610K, committed 5760K, reserved 1048576K
}
Event: 27.131 GC heap before
{Heap before GC invocations=14 (full 0):
 garbage-first heap   total 116736K, used 90621K [0x0000000083600000, 0x0000000100000000)
  region size 1024K, 33 young (33792K), 5 survivors (5120K)
 Metaspace       used 48515K, committed 48768K, reserved 1114112K
  class space    used 5638K, committed 5760K, reserved 1048576K
}
Event: 27.153 GC heap after
{Heap after GC invocations=15 (full 0):
 garbage-first heap   total 140288K, used 67581K [0x0000000083600000, 0x0000000100000000)
  region size 1024K, 5 young (5120K), 5 survivors (5120K)
 Metaspace       used 48515K, committed 48768K, reserved 1114112K
  class space    used 5638K, committed 5760K, reserved 1048576K
}
Event: 27.583 GC heap before
{Heap before GC invocations=16 (full 0):
 garbage-first heap   total 140288K, used 106493K [0x0000000083600000, 0x0000000100000000)
  region size 1024K, 43 young (44032K), 5 survivors (5120K)
 Metaspace       used 48619K, committed 48896K, reserved 1114112K
  class space    used 5639K, committed 5760K, reserved 1048576K
}
Event: 27.598 GC heap after
{Heap after GC invocations=17 (full 0):
 garbage-first heap   total 140288K, used 74993K [0x0000000083600000, 0x0000000100000000)
  region size 1024K, 6 young (6144K), 6 survivors (6144K)
 Metaspace       used 48619K, committed 48896K, reserved 1114112K
  class space    used 5639K, committed 5760K, reserved 1048576K
}
Event: 27.615 GC heap before
{Heap before GC invocations=17 (full 0):
 garbage-first heap   total 140288K, used 76017K [0x0000000083600000, 0x0000000100000000)
  region size 1024K, 7 young (7168K), 6 survivors (6144K)
 Metaspace       used 48623K, committed 48896K, reserved 1114112K
  class space    used 5639K, committed 5760K, reserved 1048576K
}
Event: 27.623 GC heap after
{Heap after GC invocations=18 (full 0):
 garbage-first heap   total 140288K, used 75261K [0x0000000083600000, 0x0000000100000000)
  region size 1024K, 1 young (1024K), 1 survivors (1024K)
 Metaspace       used 48623K, committed 48896K, reserved 1114112K
  class space    used 5639K, committed 5760K, reserved 1048576K
}
Event: 27.964 GC heap before
{Heap before GC invocations=18 (full 0):
 garbage-first heap   total 140288K, used 109053K [0x0000000083600000, 0x0000000100000000)
  region size 1024K, 34 young (34816K), 1 survivors (1024K)
 Metaspace       used 48733K, committed 48960K, reserved 1114112K
  class space    used 5643K, committed 5760K, reserved 1048576K
}
Event: 27.974 GC heap after
{Heap after GC invocations=19 (full 0):
 garbage-first heap   total 140288K, used 81405K [0x0000000083600000, 0x0000000100000000)
  region size 1024K, 5 young (5120K), 5 survivors (5120K)
 Metaspace       used 48733K, committed 48960K, reserved 1114112K
  class space    used 5643K, committed 5760K, reserved 1048576K
}
Event: 28.203 GC heap before
{Heap before GC invocations=20 (full 0):
 garbage-first heap   total 147456K, used 111101K [0x0000000083600000, 0x0000000100000000)
  region size 1024K, 34 young (34816K), 5 survivors (5120K)
 Metaspace       used 48988K, committed 49280K, reserved 1114112K
  class space    used 5667K, committed 5824K, reserved 1048576K
}
Event: 28.213 GC heap after
{Heap after GC invocations=21 (full 0):
 garbage-first heap   total 147456K, used 83604K [0x0000000083600000, 0x0000000100000000)
  region size 1024K, 2 young (2048K), 2 survivors (2048K)
 Metaspace       used 48988K, committed 49280K, reserved 1114112K
  class space    used 5667K, committed 5824K, reserved 1048576K
}
Event: 28.235 GC heap before
{Heap before GC invocations=21 (full 0):
 garbage-first heap   total 147456K, used 88724K [0x0000000083600000, 0x0000000100000000)
  region size 1024K, 7 young (7168K), 2 survivors (2048K)
 Metaspace       used 48991K, committed 49280K, reserved 1114112K
  class space    used 5667K, committed 5824K, reserved 1048576K
}
Event: 28.237 GC heap after
{Heap after GC invocations=22 (full 0):
 garbage-first heap   total 147456K, used 82704K [0x0000000083600000, 0x0000000100000000)
  region size 1024K, 1 young (1024K), 1 survivors (1024K)
 Metaspace       used 48991K, committed 49280K, reserved 1114112K
  class space    used 5667K, committed 5824K, reserved 1048576K
}
Event: 28.638 GC heap before
{Heap before GC invocations=22 (full 0):
 garbage-first heap   total 147456K, used 116496K [0x0000000083600000, 0x0000000100000000)
  region size 1024K, 34 young (34816K), 1 survivors (1024K)
 Metaspace       used 49469K, committed 49728K, reserved 1114112K
  class space    used 5709K, committed 5824K, reserved 1048576K
}
Event: 28.643 GC heap after
{Heap after GC invocations=23 (full 0):
 garbage-first heap   total 307200K, used 83894K [0x0000000083600000, 0x0000000100000000)
  region size 1024K, 2 young (2048K), 2 survivors (2048K)
 Metaspace       used 49469K, committed 49728K, reserved 1114112K
  class space    used 5709K, committed 5824K, reserved 1048576K
}
Event: 35.903 GC heap before
{Heap before GC invocations=24 (full 0):
 garbage-first heap   total 307200K, used 227254K [0x0000000083600000, 0x0000000100000000)
  region size 1024K, 141 young (144384K), 2 survivors (2048K)
 Metaspace       used 55070K, committed 55360K, reserved 1114112K
  class space    used 6171K, committed 6336K, reserved 1048576K
}
Event: 35.920 GC heap after
{Heap after GC invocations=25 (full 0):
 garbage-first heap   total 307200K, used 96078K [0x0000000083600000, 0x0000000100000000)
  region size 1024K, 14 young (14336K), 14 survivors (14336K)
 Metaspace       used 55070K, committed 55360K, reserved 1114112K
  class space    used 6171K, committed 6336K, reserved 1048576K
}
Event: 35.963 GC heap before
{Heap before GC invocations=25 (full 0):
 garbage-first heap   total 307200K, used 97102K [0x0000000083600000, 0x0000000100000000)
  region size 1024K, 15 young (15360K), 14 survivors (14336K)
 Metaspace       used 55113K, committed 55424K, reserved 1114112K
  class space    used 6171K, committed 6336K, reserved 1048576K
}
Event: 35.983 GC heap after
{Heap after GC invocations=26 (full 0):
 garbage-first heap   total 307200K, used 97055K [0x0000000083600000, 0x0000000100000000)
  region size 1024K, 2 young (2048K), 2 survivors (2048K)
 Metaspace       used 55113K, committed 55424K, reserved 1114112K
  class space    used 6171K, committed 6336K, reserved 1048576K
}

