# JRE version: Java(TM) SE Runtime Environment (17.0.12+8) (build 17.0.12+8-LTS-286)
# Java VM: Java HotSpot(TM) 64-Bit Server VM (17.0.12+8-LTS-286, mixed mode, sharing, tiered, compressed oops, compressed class ptrs, g1 gc, windows-amd64)
GC Precious Log:
 CPUs: 8 total, 8 available
 Memory: 7975M
 Large Page Support: Disabled
 NUMA Support: Disabled
 Compressed Oops: Enabled (32-bit)
 Heap Region Size: 1M
 Heap Min Capacity: 8M
 Heap Initial Capacity: 126M
 Heap Max Capacity: 1994M
 Pre-touch: Disabled
 Parallel Workers: 8
 Concurrent Workers: 2
 Concurrent Refinement Workers: 8
 Periodic GC: Disabled
Heap:
 garbage-first heap   total 110592K, used 74684K [0x0000000083600000, 0x0000000100000000)
  region size 1024K, 24 young (24576K), 5 survivors (5120K)
 Metaspace       used 63519K, committed 63808K, reserved 1114112K
  class space    used 7197K, committed 7360K, reserved 1048576K
GC Heap History (20 events):
Event: 18.958 GC heap before
{Heap before GC invocations=7 (full 0):
 garbage-first heap   total 55296K, used 37304K [0x0000000083600000, 0x0000000100000000)
  region size 1024K, 20 young (20480K), 2 survivors (2048K)
 Metaspace       used 35883K, committed 36096K, reserved 1114112K
  class space    used 4451K, committed 4608K, reserved 1048576K
}
Event: 18.965 GC heap after
{Heap after GC invocations=8 (full 0):
 garbage-first heap   total 55296K, used 22533K [0x0000000083600000, 0x0000000100000000)
  region size 1024K, 2 young (2048K), 2 survivors (2048K)
 Metaspace       used 35883K, committed 36096K, reserved 1114112K
  class space    used 4451K, committed 4608K, reserved 1048576K
}
Event: 19.612 GC heap before
{Heap before GC invocations=9 (full 0):
 garbage-first heap   total 55296K, used 43013K [0x0000000083600000, 0x0000000100000000)
  region size 1024K, 21 young (21504K), 2 survivors (2048K)
 Metaspace       used 38980K, committed 39232K, reserved 1114112K
  class space    used 4914K, committed 5056K, reserved 1048576K
}
Event: 19.620 GC heap after
{Heap after GC invocations=10 (full 0):
 garbage-first heap   total 55296K, used 25625K [0x0000000083600000, 0x0000000100000000)
  region size 1024K, 3 young (3072K), 3 survivors (3072K)
 Metaspace       used 38980K, committed 39232K, reserved 1114112K
  class space    used 4914K, committed 5056K, reserved 1048576K
}
Event: 19.703 GC heap before
{Heap before GC invocations=10 (full 0):
 garbage-first heap   total 55296K, used 40985K [0x0000000083600000, 0x0000000100000000)
  region size 1024K, 18 young (18432K), 3 survivors (3072K)
 Metaspace       used 39111K, committed 39360K, reserved 1114112K
  class space    used 4922K, committed 5056K, reserved 1048576K
}
Event: 19.707 GC heap after
{Heap after GC invocations=11 (full 0):
 garbage-first heap   total 55296K, used 24839K [0x0000000083600000, 0x0000000100000000)
  region size 1024K, 1 young (1024K), 1 survivors (1024K)
 Metaspace       used 39111K, committed 39360K, reserved 1114112K
  class space    used 4922K, committed 5056K, reserved 1048576K
}
Event: 21.361 GC heap before
{Heap before GC invocations=11 (full 0):
 garbage-first heap   total 55296K, used 42247K [0x0000000083600000, 0x0000000100000000)
  region size 1024K, 18 young (18432K), 1 survivors (1024K)
 Metaspace       used 41619K, committed 41856K, reserved 1114112K
  class space    used 5203K, committed 5312K, reserved 1048576K
}
Event: 21.369 GC heap after
{Heap after GC invocations=12 (full 0):
 garbage-first heap   total 110592K, used 28016K [0x0000000083600000, 0x0000000100000000)
  region size 1024K, 3 young (3072K), 3 survivors (3072K)
 Metaspace       used 41619K, committed 41856K, reserved 1114112K
  class space    used 5203K, committed 5312K, reserved 1048576K
}
Event: 24.396 GC heap before
{Heap before GC invocations=12 (full 0):
 garbage-first heap   total 110592K, used 83312K [0x0000000083600000, 0x0000000100000000)
  region size 1024K, 57 young (58368K), 3 survivors (3072K)
 Metaspace       used 45718K, committed 45952K, reserved 1114112K
  class space    used 5579K, committed 5696K, reserved 1048576K
}
Event: 24.420 GC heap after
{Heap after GC invocations=13 (full 0):
 garbage-first heap   total 110592K, used 36166K [0x0000000083600000, 0x0000000100000000)
  region size 1024K, 8 young (8192K), 8 survivors (8192K)
 Metaspace       used 45718K, committed 45952K, reserved 1114112K
  class space    used 5579K, committed 5696K, reserved 1048576K
}
Event: 26.414 GC heap before
{Heap before GC invocations=13 (full 0):
 garbage-first heap   total 110592K, used 80198K [0x0000000083600000, 0x0000000100000000)
  region size 1024K, 51 young (52224K), 8 survivors (8192K)
 Metaspace       used 47574K, committed 47808K, reserved 1114112K
  class space    used 5762K, committed 5888K, reserved 1048576K
}
Event: 26.440 GC heap after
{Heap after GC invocations=14 (full 0):
 garbage-first heap   total 110592K, used 42435K [0x0000000083600000, 0x0000000100000000)
  region size 1024K, 6 young (6144K), 6 survivors (6144K)
 Metaspace       used 47574K, committed 47808K, reserved 1114112K
  class space    used 5762K, committed 5888K, reserved 1048576K
}
Event: 30.915 GC heap before
{Heap before GC invocations=14 (full 0):
 garbage-first heap   total 110592K, used 81347K [0x0000000083600000, 0x0000000100000000)
  region size 1024K, 44 young (45056K), 6 survivors (6144K)
 Metaspace       used 51318K, committed 51584K, reserved 1114112K
  class space    used 6063K, committed 6208K, reserved 1048576K
}
Event: 30.935 GC heap after
{Heap after GC invocations=15 (full 0):
 garbage-first heap   total 110592K, used 47104K [0x0000000083600000, 0x0000000100000000)
  region size 1024K, 5 young (5120K), 5 survivors (5120K)
 Metaspace       used 51318K, committed 51584K, reserved 1114112K
  class space    used 6063K, committed 6208K, reserved 1048576K
}
Event: 32.501 GC heap before
{Heap before GC invocations=15 (full 0):
 garbage-first heap   total 110592K, used 84992K [0x0000000083600000, 0x0000000100000000)
  region size 1024K, 41 young (41984K), 5 survivors (5120K)
 Metaspace       used 52895K, committed 53120K, reserved 1114112K
  class space    used 6151K, committed 6272K, reserved 1048576K
}
Event: 32.524 GC heap after
{Heap after GC invocations=16 (full 0):
 garbage-first heap   total 110592K, used 51668K [0x0000000083600000, 0x0000000100000000)
  region size 1024K, 4 young (4096K), 4 survivors (4096K)
 Metaspace       used 52895K, committed 53120K, reserved 1114112K
  class space    used 6151K, committed 6272K, reserved 1048576K
}
Event: 34.932 GC heap before
{Heap before GC invocations=16 (full 0):
 garbage-first heap   total 110592K, used 86484K [0x0000000083600000, 0x0000000100000000)
  region size 1024K, 38 young (38912K), 4 survivors (4096K)
 Metaspace       used 59377K, committed 59648K, reserved 1114112K
  class space    used 6795K, committed 6912K, reserved 1048576K
}
Event: 34.946 GC heap after
{Heap after GC invocations=17 (full 0):
 garbage-first heap   total 110592K, used 53734K [0x0000000083600000, 0x0000000100000000)
  region size 1024K, 2 young (2048K), 2 survivors (2048K)
 Metaspace       used 59377K, committed 59648K, reserved 1114112K
  class space    used 6795K, committed 6912K, reserved 1048576K
}
Event: 36.124 GC heap before
{Heap before GC invocations=17 (full 0):
 garbage-first heap   total 110592K, used 68070K [0x0000000083600000, 0x0000000100000000)
  region size 1024K, 17 young (17408K), 2 survivors (2048K)
 Metaspace       used 60049K, committed 60288K, reserved 1114112K
  class space    used 6852K, committed 6976K, reserved 1048576K
}
Event: 36.137 GC heap after
{Heap after GC invocations=18 (full 0):
 garbage-first heap   total 110592K, used 56252K [0x0000000083600000, 0x0000000100000000)
  region size 1024K, 5 young (5120K), 5 survivors (5120K)
 Metaspace       used 60049K, committed 60288K, reserved 1114112K
  class space    used 6852K, committed 6976K, reserved 1048576K
}

