# JRE version: Java(TM) SE Runtime Environment (17.0.12+8) (build 17.0.12+8-LTS-286)
# Java VM: Java HotSpot(TM) 64-Bit Server VM (17.0.12+8-LTS-286, mixed mode, sharing, tiered, compressed oops, compressed class ptrs, g1 gc, windows-amd64)
GC Precious Log:
 CPUs: 8 total, 8 available
 Memory: 7975M
 Large Page Support: Disabled
 NUMA Support: Disabled
 Compressed Oops: Enabled (32-bit)
 Heap Region Size: 1M
 Heap Min Capacity: 8M
 Heap Initial Capacity: 126M
 Heap Max Capacity: 1994M
 Pre-touch: Disabled
 Parallel Workers: 8
 Concurrent Workers: 2
 Concurrent Refinement Workers: 8
 Periodic GC: Disabled
Heap:
 garbage-first heap   total 121856K, used 90107K [0x0000000083600000, 0x0000000100000000)
  region size 1024K, 28 young (28672K), 5 survivors (5120K)
 Metaspace       used 48387K, committed 48640K, reserved 1114112K
  class space    used 5637K, committed 5760K, reserved 1048576K
GC Heap History (20 events):
Event: 2.526 GC heap before
{Heap before GC invocations=5 (full 0):
 garbage-first heap   total 55296K, used 19304K [0x0000000083600000, 0x0000000100000000)
  region size 1024K, 4 young (4096K), 3 survivors (3072K)
 Metaspace       used 26236K, committed 26368K, reserved 1114112K
  class space    used 3313K, committed 3392K, reserved 1048576K
}
Event: 2.537 GC heap after
{Heap after GC invocations=6 (full 0):
 garbage-first heap   total 55296K, used 18628K [0x0000000083600000, 0x0000000100000000)
  region size 1024K, 1 young (1024K), 1 survivors (1024K)
 Metaspace       used 26236K, committed 26368K, reserved 1114112K
  class space    used 3313K, committed 3392K, reserved 1048576K
}
Event: 3.113 GC heap before
{Heap before GC invocations=6 (full 0):
 garbage-first heap   total 55296K, used 40132K [0x0000000083600000, 0x0000000100000000)
  region size 1024K, 22 young (22528K), 1 survivors (1024K)
 Metaspace       used 29843K, committed 30080K, reserved 1114112K
  class space    used 3664K, committed 3776K, reserved 1048576K
}
Event: 3.122 GC heap after
{Heap after GC invocations=7 (full 0):
 garbage-first heap   total 55296K, used 21882K [0x0000000083600000, 0x0000000100000000)
  region size 1024K, 3 young (3072K), 3 survivors (3072K)
 Metaspace       used 29843K, committed 30080K, reserved 1114112K
  class space    used 3664K, committed 3776K, reserved 1048576K
}
Event: 3.644 GC heap before
{Heap before GC invocations=7 (full 0):
 garbage-first heap   total 55296K, used 41338K [0x0000000083600000, 0x0000000100000000)
  region size 1024K, 21 young (21504K), 3 survivors (3072K)
 Metaspace       used 33384K, committed 33536K, reserved 1114112K
  class space    used 4103K, committed 4160K, reserved 1048576K
}
Event: 3.655 GC heap after
{Heap after GC invocations=8 (full 0):
 garbage-first heap   total 101376K, used 26988K [0x0000000083600000, 0x0000000100000000)
  region size 1024K, 3 young (3072K), 3 survivors (3072K)
 Metaspace       used 33384K, committed 33536K, reserved 1114112K
  class space    used 4103K, committed 4160K, reserved 1048576K
}
Event: 4.063 GC heap before
{Heap before GC invocations=8 (full 0):
 garbage-first heap   total 101376K, used 44396K [0x0000000083600000, 0x0000000100000000)
  region size 1024K, 21 young (21504K), 3 survivors (3072K)
 Metaspace       used 35708K, committed 35968K, reserved 1114112K
  class space    used 4335K, committed 4480K, reserved 1048576K
}
Event: 4.073 GC heap after
{Heap after GC invocations=9 (full 0):
 garbage-first heap   total 101376K, used 30328K [0x0000000083600000, 0x0000000100000000)
  region size 1024K, 6 young (6144K), 6 survivors (6144K)
 Metaspace       used 35708K, committed 35968K, reserved 1114112K
  class space    used 4335K, committed 4480K, reserved 1048576K
}
Event: 4.925 GC heap before
{Heap before GC invocations=10 (full 0):
 garbage-first heap   total 101376K, used 70264K [0x0000000083600000, 0x0000000100000000)
  region size 1024K, 44 young (45056K), 6 survivors (6144K)
 Metaspace       used 39539K, committed 39808K, reserved 1114112K
  class space    used 4877K, committed 4992K, reserved 1048576K
}
Event: 4.948 GC heap after
{Heap after GC invocations=11 (full 0):
 garbage-first heap   total 101376K, used 34445K [0x0000000083600000, 0x0000000100000000)
  region size 1024K, 4 young (4096K), 4 survivors (4096K)
 Metaspace       used 39539K, committed 39808K, reserved 1114112K
  class space    used 4877K, committed 4992K, reserved 1048576K
}
Event: 6.629 GC heap before
{Heap before GC invocations=11 (full 0):
 garbage-first heap   total 101376K, used 73357K [0x0000000083600000, 0x0000000100000000)
  region size 1024K, 42 young (43008K), 4 survivors (4096K)
 Metaspace       used 44749K, committed 44992K, reserved 1114112K
  class space    used 5411K, committed 5568K, reserved 1048576K
}
Event: 6.662 GC heap after
{Heap after GC invocations=12 (full 0):
 garbage-first heap   total 101376K, used 40776K [0x0000000083600000, 0x0000000100000000)
  region size 1024K, 6 young (6144K), 6 survivors (6144K)
 Metaspace       used 44749K, committed 44992K, reserved 1114112K
  class space    used 5411K, committed 5568K, reserved 1048576K
}
Event: 8.113 GC heap before
{Heap before GC invocations=12 (full 0):
 garbage-first heap   total 101376K, used 76616K [0x0000000083600000, 0x0000000100000000)
  region size 1024K, 39 young (39936K), 6 survivors (6144K)
 Metaspace       used 46366K, committed 46656K, reserved 1114112K
  class space    used 5439K, committed 5568K, reserved 1048576K
}
Event: 8.143 GC heap after
{Heap after GC invocations=13 (full 0):
 garbage-first heap   total 101376K, used 48525K [0x0000000083600000, 0x0000000100000000)
  region size 1024K, 5 young (5120K), 5 survivors (5120K)
 Metaspace       used 46366K, committed 46656K, reserved 1114112K
  class space    used 5439K, committed 5568K, reserved 1048576K
}
Event: 8.981 GC heap before
{Heap before GC invocations=13 (full 0):
 garbage-first heap   total 101376K, used 76173K [0x0000000083600000, 0x0000000100000000)
  region size 1024K, 32 young (32768K), 5 survivors (5120K)
 Metaspace       used 47854K, committed 48192K, reserved 1114112K
  class space    used 5589K, committed 5760K, reserved 1048576K
}
Event: 9.013 GC heap after
{Heap after GC invocations=14 (full 0):
 garbage-first heap   total 121856K, used 54267K [0x0000000083600000, 0x0000000100000000)
  region size 1024K, 4 young (4096K), 4 survivors (4096K)
 Metaspace       used 47854K, committed 48192K, reserved 1114112K
  class space    used 5589K, committed 5760K, reserved 1048576K
}
Event: 9.863 GC heap before
{Heap before GC invocations=14 (full 0):
 garbage-first heap   total 121856K, used 91131K [0x0000000083600000, 0x0000000100000000)
  region size 1024K, 40 young (40960K), 4 survivors (4096K)
 Metaspace       used 48082K, committed 48384K, reserved 1114112K
  class space    used 5607K, committed 5760K, reserved 1048576K
}
Event: 9.891 GC heap after
{Heap after GC invocations=15 (full 0):
 garbage-first heap   total 121856K, used 61435K [0x0000000083600000, 0x0000000100000000)
  region size 1024K, 5 young (5120K), 5 survivors (5120K)
 Metaspace       used 48082K, committed 48384K, reserved 1114112K
  class space    used 5607K, committed 5760K, reserved 1048576K
}
Event: 11.304 GC heap before
{Heap before GC invocations=15 (full 0):
 garbage-first heap   total 121856K, used 93179K [0x0000000083600000, 0x0000000100000000)
  region size 1024K, 36 young (36864K), 5 survivors (5120K)
 Metaspace       used 48376K, committed 48640K, reserved 1114112K
  class space    used 5633K, committed 5760K, reserved 1048576K
}
Event: 11.342 GC heap after
{Heap after GC invocations=16 (full 0):
 garbage-first heap   total 121856K, used 67579K [0x0000000083600000, 0x0000000100000000)
  region size 1024K, 5 young (5120K), 5 survivors (5120K)
 Metaspace       used 48376K, committed 48640K, reserved 1114112K
  class space    used 5633K, committed 5760K, reserved 1048576K
}

